<?xml version="1.0" encoding="UTF-8"?>
<!-- Generated by org.testng.reporters.JUnitXMLReporter -->
<testsuite ignored="0" hostname="DESKTOP-LB3IEM5" failures="1" tests="3" name="Default test" time="12.331" errors="0" timestamp="2025-11-27T13:12:46 IST">
  <testcase classname="io.cucumber.testng.AbstractTestNGCucumberTests" name="runScenario" time="4.715">
    <failure type="io.cucumber.testng.UndefinedStepException" message="The step &amp;apos;I add &amp;quot;Sauce Labs Backpack&amp;quot; to the cart&amp;apos; and 1 other step(s) are undefined.
You can implement these steps using the snippet(s) below:

@When(&amp;quot;I add {string} to the cart&amp;quot;)
public void i_add_to_the_cart(String string) {
    // Write code here that turns the phrase above into concrete actions
    throw new io.cucumber.java.PendingException();
}
@Then(&amp;quot;the cart should conatin {string}&amp;quot;)
public void the_cart_should_conatin(String string) {
    // Write code here that turns the phrase above into concrete actions
    throw new io.cucumber.java.PendingException();
}
">
      <![CDATA[io.cucumber.testng.UndefinedStepException: The step 'I add "Sauce Labs Backpack" to the cart' and 1 other step(s) are undefined.
You can implement these steps using the snippet(s) below:

@When("I add {string} to the cart")
public void i_add_to_the_cart(String string) {
    // Write code here that turns the phrase above into concrete actions
    throw new io.cucumber.java.PendingException();
}
@Then("the cart should conatin {string}")
public void the_cart_should_conatin(String string) {
    // Write code here that turns the phrase above into concrete actions
    throw new io.cucumber.java.PendingException();
}

at âœ½.I add "Sauce Labs Backpack" to the cart(file:///D:/SDET/cucumber/SauceDemo2/src/test/resources/features/cart.feature:8)
]]>
    </failure>
  </testcase> <!-- runScenario -->
  <testcase classname="io.cucumber.testng.AbstractTestNGCucumberTests" name="runScenario" time="3.885"/>
  <testcase classname="io.cucumber.testng.AbstractTestNGCucumberTests" name="runScenario" time="3.341"/>
</testsuite> <!-- Default test -->
