<?xml version="1.0" encoding="UTF-8"?>
<!-- Generated by org.testng.reporters.JUnitReportReporter -->
<testsuite hostname="DESKTOP-LB3IEM5" failures="0" tests="3" name="runner.TestRunner" time="11.941" errors="1" timestamp="2025-11-27T13:12:47 IST" skipped="0">
  <testcase classname="runner.TestRunner" name="runScenario" time="4.715">
    <error message="The step &#039;I add &quot;Sauce Labs Backpack&quot; to the cart&#039; and 1 other step(s) are undefined.
You can implement these steps using the snippet(s) below:

@When(&quot;I add {string} to the cart&quot;)
public void i_add_to_the_cart(String string) {
    // Write code here that turns the phrase above into concrete actions
    throw new io.cucumber.java.PendingException();
}
@Then(&quot;the cart should conatin {string}&quot;)
public void the_cart_should_conatin(String string) {
    // Write code here that turns the phrase above into concrete actions
    throw new io.cucumber.java.PendingException();
}
" type="io.cucumber.testng.UndefinedStepException">
      <![CDATA[io.cucumber.testng.UndefinedStepException: The step 'I add "Sauce Labs Backpack" to the cart' and 1 other step(s) are undefined.
You can implement these steps using the snippet(s) below:

@When("I add {string} to the cart")
public void i_add_to_the_cart(String string) {
    // Write code here that turns the phrase above into concrete actions
    throw new io.cucumber.java.PendingException();
}
@Then("the cart should conatin {string}")
public void the_cart_should_conatin(String string) {
    // Write code here that turns the phrase above into concrete actions
    throw new io.cucumber.java.PendingException();
}

at âœ½.I add "Sauce Labs Backpack" to the cart(file:///D:/SDET/cucumber/SauceDemo2/src/test/resources/features/cart.feature:8)
]]>
    </error>
  </testcase> <!-- runScenario -->
  <testcase classname="runner.TestRunner" name="runScenario" time="3.885"/>
  <testcase classname="runner.TestRunner" name="runScenario" time="3.341"/>
</testsuite> <!-- runner.TestRunner -->
